This is pdfTeX, Version 3.141592653-2.6-1.40.25 (TeX Live 2023) (preloaded format=pdflatex 2024.1.16)  7 FEB 2024 00:02
entering extended mode
 restricted \write18 enabled.
 %&-line parsing enabled.
**optmet-example.tex
(./optmet-example.tex
LaTeX2e <2023-11-01> patch level 1
L3 programming layer <2024-01-04>
(./OptMetBeamer.cls
Document Class: OptMetBeamer 2024/02/07 - From Beamer class
(/usr/local/texlive/2023_1/texmf-dist/tex/latex/beamer/beamer.cls
Document Class: beamer 2024/01/06 v3.71 A class for typesetting presentations
(/usr/local/texlive/2023_1/texmf-dist/tex/latex/beamer/beamerbasemodes.sty
(/usr/local/texlive/2023_1/texmf-dist/tex/latex/etoolbox/etoolbox.sty
Package: etoolbox 2020/10/05 v2.5k e-TeX tools for LaTeX (JAW)
\etb@tempcnta=\count187
)
\beamer@tempbox=\box51
\beamer@tempcount=\count188
\c@beamerpauses=\count189

(/usr/local/texlive/2023_1/texmf-dist/tex/latex/beamer/beamerbasedecode.sty
\beamer@slideinframe=\count190
\beamer@minimum=\count191
\beamer@decode@box=\box52
)
\beamer@commentbox=\box53
\beamer@modecount=\count192
)
(/usr/local/texlive/2023_1/texmf-dist/tex/generic/iftex/iftex.sty
Package: iftex 2022/02/03 v1.0f TeX engine tests
)
\headdp=\dimen140
\footheight=\dimen141
\sidebarheight=\dimen142
\beamer@tempdim=\dimen143
\beamer@finalheight=\dimen144
\beamer@animht=\dimen145
\beamer@animdp=\dimen146
\beamer@animwd=\dimen147
\beamer@leftmargin=\dimen148
\beamer@rightmargin=\dimen149
\beamer@leftsidebar=\dimen150
\beamer@rightsidebar=\dimen151
\beamer@boxsize=\dimen152
\beamer@vboxoffset=\dimen153
\beamer@descdefault=\dimen154
\beamer@descriptionwidth=\dimen155
\beamer@lastskip=\skip48
\beamer@areabox=\box54
\beamer@animcurrent=\box55
\beamer@animshowbox=\box56
\beamer@sectionbox=\box57
\beamer@logobox=\box58
\beamer@linebox=\box59
\beamer@sectioncount=\count193
\beamer@subsubsectionmax=\count194
\beamer@subsectionmax=\count195
\beamer@sectionmax=\count196
\beamer@totalheads=\count197
\beamer@headcounter=\count198
\beamer@partstartpage=\count199
\beamer@sectionstartpage=\count266
\beamer@subsectionstartpage=\count267
\beamer@animationtempa=\count268
\beamer@animationtempb=\count269
\beamer@xpos=\count270
\beamer@ypos=\count271
\beamer@ypos@offset=\count272
\beamer@showpartnumber=\count273
\beamer@currentsubsection=\count274
\beamer@coveringdepth=\count275
\beamer@sectionadjust=\count276
\beamer@toclastsection=\count277
\beamer@tocsectionnumber=\count278

(/usr/local/texlive/2023_1/texmf-dist/tex/latex/beamer/beamerbaseoptions.sty
(/usr/local/texlive/2023_1/texmf-dist/tex/latex/graphics/keyval.sty
Package: keyval 2022/05/29 v1.15 key=value parser (DPC)
\KV@toks@=\toks17
))
\beamer@paperwidth=\skip49
\beamer@paperheight=\skip50

(/usr/local/texlive/2023_1/texmf-dist/tex/latex/geometry/geometry.sty
Package: geometry 2020/01/02 v5.9 Page Geometry

(/usr/local/texlive/2023_1/texmf-dist/tex/generic/iftex/ifvtex.sty
Package: ifvtex 2019/10/25 v1.7 ifvtex legacy package. Use iftex instead.
)
\Gm@cnth=\count279
\Gm@cntv=\count280
\c@Gm@tempcnt=\count281
\Gm@bindingoffset=\dimen156
\Gm@wd@mp=\dimen157
\Gm@odd@mp=\dimen158
\Gm@even@mp=\dimen159
\Gm@layoutwidth=\dimen160
\Gm@layoutheight=\dimen161
\Gm@layouthoffset=\dimen162
\Gm@layoutvoffset=\dimen163
\Gm@dimlist=\toks18
)
(/usr/local/texlive/2023_1/texmf-dist/tex/latex/pgf/math/pgfmath.sty
(/usr/local/texlive/2023_1/texmf-dist/tex/latex/pgf/utilities/pgfrcs.sty
(/usr/local/texlive/2023_1/texmf-dist/tex/generic/pgf/utilities/pgfutil-common.
tex
\pgfutil@everybye=\toks19
\pgfutil@tempdima=\dimen164
\pgfutil@tempdimb=\dimen165
)
(/usr/local/texlive/2023_1/texmf-dist/tex/generic/pgf/utilities/pgfutil-latex.d
ef
\pgfutil@abb=\box60
)
(/usr/local/texlive/2023_1/texmf-dist/tex/generic/pgf/utilities/pgfrcs.code.tex
(/usr/local/texlive/2023_1/texmf-dist/tex/generic/pgf/pgf.revision.tex)
Package: pgfrcs 2023-01-15 v3.1.10 (3.1.10)
))
(/usr/local/texlive/2023_1/texmf-dist/tex/latex/pgf/utilities/pgfkeys.sty
(/usr/local/texlive/2023_1/texmf-dist/tex/generic/pgf/utilities/pgfkeys.code.te
x
\pgfkeys@pathtoks=\toks20
\pgfkeys@temptoks=\toks21

(/usr/local/texlive/2023_1/texmf-dist/tex/generic/pgf/utilities/pgfkeyslibraryf
iltered.code.tex
\pgfkeys@tmptoks=\toks22
)))
(/usr/local/texlive/2023_1/texmf-dist/tex/generic/pgf/math/pgfmath.code.tex
(/usr/local/texlive/2023_1/texmf-dist/tex/generic/pgf/math/pgfmathutil.code.tex
\pgf@x=\dimen166
\pgf@xa=\dimen167
\pgf@xb=\dimen168
\pgf@xc=\dimen169
\pgf@y=\dimen170
\pgf@ya=\dimen171
\pgf@yb=\dimen172
\pgf@yc=\dimen173
\c@pgf@counta=\count282
\c@pgf@countb=\count283
\c@pgf@countc=\count284
\c@pgf@countd=\count285
)
(/usr/local/texlive/2023_1/texmf-dist/tex/generic/pgf/math/pgfmathparser.code.t
ex
\pgfmath@dimen=\dimen174
\pgfmath@count=\count286
\pgfmath@box=\box61
\pgfmath@toks=\toks23
\pgfmath@stack@operand=\toks24
\pgfmath@stack@operation=\toks25
)
(/usr/local/texlive/2023_1/texmf-dist/tex/generic/pgf/math/pgfmathfunctions.cod
e.tex)
(/usr/local/texlive/2023_1/texmf-dist/tex/generic/pgf/math/pgfmathfunctions.bas
ic.code.tex)
(/usr/local/texlive/2023_1/texmf-dist/tex/generic/pgf/math/pgfmathfunctions.tri
gonometric.code.tex)
(/usr/local/texlive/2023_1/texmf-dist/tex/generic/pgf/math/pgfmathfunctions.ran
dom.code.tex)
(/usr/local/texlive/2023_1/texmf-dist/tex/generic/pgf/math/pgfmathfunctions.com
parison.code.tex)
(/usr/local/texlive/2023_1/texmf-dist/tex/generic/pgf/math/pgfmathfunctions.bas
e.code.tex)
(/usr/local/texlive/2023_1/texmf-dist/tex/generic/pgf/math/pgfmathfunctions.rou
nd.code.tex)
(/usr/local/texlive/2023_1/texmf-dist/tex/generic/pgf/math/pgfmathfunctions.mis
c.code.tex)
(/usr/local/texlive/2023_1/texmf-dist/tex/generic/pgf/math/pgfmathfunctions.int
egerarithmetics.code.tex)
(/usr/local/texlive/2023_1/texmf-dist/tex/generic/pgf/math/pgfmathcalc.code.tex
)
(/usr/local/texlive/2023_1/texmf-dist/tex/generic/pgf/math/pgfmathfloat.code.te
x
\c@pgfmathroundto@lastzeros=\count287
))) (/usr/local/texlive/2023_1/texmf-dist/tex/latex/extsizes/size8.clo
File: size8.clo 1999/11/11 v1.4a NON-Standard LaTeX file (size option)
)
(/usr/local/texlive/2023_1/texmf-dist/tex/latex/pgf/basiclayer/pgfcore.sty
(/usr/local/texlive/2023_1/texmf-dist/tex/latex/graphics/graphicx.sty
Package: graphicx 2021/09/16 v1.2d Enhanced LaTeX Graphics (DPC,SPQR)

(/usr/local/texlive/2023_1/texmf-dist/tex/latex/graphics/graphics.sty
Package: graphics 2022/03/10 v1.4e Standard LaTeX Graphics (DPC,SPQR)

(/usr/local/texlive/2023_1/texmf-dist/tex/latex/graphics/trig.sty
Package: trig 2021/08/11 v1.11 sin cos tan (DPC)
)
(/usr/local/texlive/2023_1/texmf-dist/tex/latex/graphics-cfg/graphics.cfg
File: graphics.cfg 2016/06/04 v1.11 sample graphics configuration
)
Package graphics Info: Driver file: pdftex.def on input line 107.

(/usr/local/texlive/2023_1/texmf-dist/tex/latex/graphics-def/pdftex.def
File: pdftex.def 2022/09/22 v1.2b Graphics/color driver for pdftex
))
\Gin@req@height=\dimen175
\Gin@req@width=\dimen176
)
(/usr/local/texlive/2023_1/texmf-dist/tex/latex/pgf/systemlayer/pgfsys.sty
(/usr/local/texlive/2023_1/texmf-dist/tex/generic/pgf/systemlayer/pgfsys.code.t
ex
Package: pgfsys 2023-01-15 v3.1.10 (3.1.10)
\pgf@x=\dimen177
\pgf@y=\dimen178
\pgf@xa=\dimen179
\pgf@ya=\dimen180
\pgf@xb=\dimen181
\pgf@yb=\dimen182
\pgf@xc=\dimen183
\pgf@yc=\dimen184
\pgf@xd=\dimen185
\pgf@yd=\dimen186
\w@pgf@writea=\write3
\r@pgf@reada=\read2
\c@pgf@counta=\count288
\c@pgf@countb=\count289
\c@pgf@countc=\count290
\c@pgf@countd=\count291
\t@pgf@toka=\toks26
\t@pgf@tokb=\toks27
\t@pgf@tokc=\toks28
\pgf@sys@id@count=\count292
 (/usr/local/texlive/2023_1/texmf-dist/tex/generic/pgf/systemlayer/pgf.cfg
File: pgf.cfg 2023-01-15 v3.1.10 (3.1.10)
)
Driver file for pgf: pgfsys-pdftex.def

(/usr/local/texlive/2023_1/texmf-dist/tex/generic/pgf/systemlayer/pgfsys-pdftex
.def
File: pgfsys-pdftex.def 2023-01-15 v3.1.10 (3.1.10)

(/usr/local/texlive/2023_1/texmf-dist/tex/generic/pgf/systemlayer/pgfsys-common
-pdf.def
File: pgfsys-common-pdf.def 2023-01-15 v3.1.10 (3.1.10)
)))
(/usr/local/texlive/2023_1/texmf-dist/tex/generic/pgf/systemlayer/pgfsyssoftpat
h.code.tex
File: pgfsyssoftpath.code.tex 2023-01-15 v3.1.10 (3.1.10)
\pgfsyssoftpath@smallbuffer@items=\count293
\pgfsyssoftpath@bigbuffer@items=\count294
)
(/usr/local/texlive/2023_1/texmf-dist/tex/generic/pgf/systemlayer/pgfsysprotoco
l.code.tex
File: pgfsysprotocol.code.tex 2023-01-15 v3.1.10 (3.1.10)
)) (/usr/local/texlive/2023_1/texmf-dist/tex/latex/xcolor/xcolor.sty
Package: xcolor 2023/11/15 v3.01 LaTeX color extensions (UK)

(/usr/local/texlive/2023_1/texmf-dist/tex/latex/graphics-cfg/color.cfg
File: color.cfg 2016/01/02 v1.6 sample color configuration
)
Package xcolor Info: Driver file: pdftex.def on input line 274.

(/usr/local/texlive/2023_1/texmf-dist/tex/latex/graphics/mathcolor.ltx)
Package xcolor Info: Model `cmy' substituted by `cmy0' on input line 1350.
Package xcolor Info: Model `hsb' substituted by `rgb' on input line 1354.
Package xcolor Info: Model `RGB' extended on input line 1366.
Package xcolor Info: Model `HTML' substituted by `rgb' on input line 1368.
Package xcolor Info: Model `Hsb' substituted by `hsb' on input line 1369.
Package xcolor Info: Model `tHsb' substituted by `hsb' on input line 1370.
Package xcolor Info: Model `HSB' substituted by `hsb' on input line 1371.
Package xcolor Info: Model `Gray' substituted by `gray' on input line 1372.
Package xcolor Info: Model `wave' substituted by `hsb' on input line 1373.
)
(/usr/local/texlive/2023_1/texmf-dist/tex/generic/pgf/basiclayer/pgfcore.code.t
ex
Package: pgfcore 2023-01-15 v3.1.10 (3.1.10)
 (/usr/local/texlive/2023_1/texmf-dist/tex/generic/pgf/math/pgfint.code.tex)
(/usr/local/texlive/2023_1/texmf-dist/tex/generic/pgf/basiclayer/pgfcorepoints.
code.tex
File: pgfcorepoints.code.tex 2023-01-15 v3.1.10 (3.1.10)
\pgf@picminx=\dimen187
\pgf@picmaxx=\dimen188
\pgf@picminy=\dimen189
\pgf@picmaxy=\dimen190
\pgf@pathminx=\dimen191
\pgf@pathmaxx=\dimen192
\pgf@pathminy=\dimen193
\pgf@pathmaxy=\dimen194
\pgf@xx=\dimen195
\pgf@xy=\dimen196
\pgf@yx=\dimen197
\pgf@yy=\dimen198
\pgf@zx=\dimen199
\pgf@zy=\dimen256
)
(/usr/local/texlive/2023_1/texmf-dist/tex/generic/pgf/basiclayer/pgfcorepathcon
struct.code.tex
File: pgfcorepathconstruct.code.tex 2023-01-15 v3.1.10 (3.1.10)
\pgf@path@lastx=\dimen257
\pgf@path@lasty=\dimen258
)
(/usr/local/texlive/2023_1/texmf-dist/tex/generic/pgf/basiclayer/pgfcorepathusa
ge.code.tex
File: pgfcorepathusage.code.tex 2023-01-15 v3.1.10 (3.1.10)
\pgf@shorten@end@additional=\dimen259
\pgf@shorten@start@additional=\dimen260
)
(/usr/local/texlive/2023_1/texmf-dist/tex/generic/pgf/basiclayer/pgfcorescopes.
code.tex
File: pgfcorescopes.code.tex 2023-01-15 v3.1.10 (3.1.10)
\pgfpic=\box62
\pgf@hbox=\box63
\pgf@layerbox@main=\box64
\pgf@picture@serial@count=\count295
)
(/usr/local/texlive/2023_1/texmf-dist/tex/generic/pgf/basiclayer/pgfcoregraphic
state.code.tex
File: pgfcoregraphicstate.code.tex 2023-01-15 v3.1.10 (3.1.10)
\pgflinewidth=\dimen261
)
(/usr/local/texlive/2023_1/texmf-dist/tex/generic/pgf/basiclayer/pgfcoretransfo
rmations.code.tex
File: pgfcoretransformations.code.tex 2023-01-15 v3.1.10 (3.1.10)
\pgf@pt@x=\dimen262
\pgf@pt@y=\dimen263
\pgf@pt@temp=\dimen264
)
(/usr/local/texlive/2023_1/texmf-dist/tex/generic/pgf/basiclayer/pgfcorequick.c
ode.tex
File: pgfcorequick.code.tex 2023-01-15 v3.1.10 (3.1.10)
)
(/usr/local/texlive/2023_1/texmf-dist/tex/generic/pgf/basiclayer/pgfcoreobjects
.code.tex
File: pgfcoreobjects.code.tex 2023-01-15 v3.1.10 (3.1.10)
)
(/usr/local/texlive/2023_1/texmf-dist/tex/generic/pgf/basiclayer/pgfcorepathpro
cessing.code.tex
File: pgfcorepathprocessing.code.tex 2023-01-15 v3.1.10 (3.1.10)
)
(/usr/local/texlive/2023_1/texmf-dist/tex/generic/pgf/basiclayer/pgfcorearrows.
code.tex
File: pgfcorearrows.code.tex 2023-01-15 v3.1.10 (3.1.10)
\pgfarrowsep=\dimen265
)
(/usr/local/texlive/2023_1/texmf-dist/tex/generic/pgf/basiclayer/pgfcoreshade.c
ode.tex
File: pgfcoreshade.code.tex 2023-01-15 v3.1.10 (3.1.10)
\pgf@max=\dimen266
\pgf@sys@shading@range@num=\count296
\pgf@shadingcount=\count297
)
(/usr/local/texlive/2023_1/texmf-dist/tex/generic/pgf/basiclayer/pgfcoreimage.c
ode.tex
File: pgfcoreimage.code.tex 2023-01-15 v3.1.10 (3.1.10)
)
(/usr/local/texlive/2023_1/texmf-dist/tex/generic/pgf/basiclayer/pgfcoreexterna
l.code.tex
File: pgfcoreexternal.code.tex 2023-01-15 v3.1.10 (3.1.10)
\pgfexternal@startupbox=\box65
)
(/usr/local/texlive/2023_1/texmf-dist/tex/generic/pgf/basiclayer/pgfcorelayers.
code.tex
File: pgfcorelayers.code.tex 2023-01-15 v3.1.10 (3.1.10)
)
(/usr/local/texlive/2023_1/texmf-dist/tex/generic/pgf/basiclayer/pgfcoretranspa
rency.code.tex
File: pgfcoretransparency.code.tex 2023-01-15 v3.1.10 (3.1.10)
)
(/usr/local/texlive/2023_1/texmf-dist/tex/generic/pgf/basiclayer/pgfcorepattern
s.code.tex
File: pgfcorepatterns.code.tex 2023-01-15 v3.1.10 (3.1.10)
)
(/usr/local/texlive/2023_1/texmf-dist/tex/generic/pgf/basiclayer/pgfcorerdf.cod
e.tex
File: pgfcorerdf.code.tex 2023-01-15 v3.1.10 (3.1.10)
)))
(/usr/local/texlive/2023_1/texmf-dist/tex/latex/pgf/utilities/xxcolor.sty
Package: xxcolor 2003/10/24 ver 0.1
\XC@nummixins=\count298
\XC@countmixins=\count299
)
(/usr/local/texlive/2023_1/texmf-dist/tex/latex/base/atbegshi-ltx.sty
Package: atbegshi-ltx 2021/01/10 v1.0c Emulation of the original atbegshi
package with kernel methods
)
(/usr/local/texlive/2023_1/texmf-dist/tex/latex/hyperref/hyperref.sty
Package: hyperref 2023-11-26 v7.01g Hypertext links for LaTeX

(/usr/local/texlive/2023_1/texmf-dist/tex/generic/infwarerr/infwarerr.sty
Package: infwarerr 2019/12/03 v1.5 Providing info/warning/error messages (HO)
)
(/usr/local/texlive/2023_1/texmf-dist/tex/latex/kvsetkeys/kvsetkeys.sty
Package: kvsetkeys 2022-10-05 v1.19 Key value parser (HO)
)
(/usr/local/texlive/2023_1/texmf-dist/tex/generic/kvdefinekeys/kvdefinekeys.sty
Package: kvdefinekeys 2019-12-19 v1.6 Define keys (HO)
) (/usr/local/texlive/2023_1/texmf-dist/tex/generic/pdfescape/pdfescape.sty
Package: pdfescape 2019/12/09 v1.15 Implements pdfTeX's escape features (HO)

(/usr/local/texlive/2023_1/texmf-dist/tex/generic/ltxcmds/ltxcmds.sty
Package: ltxcmds 2023-12-04 v1.26 LaTeX kernel commands for general use (HO)
)
(/usr/local/texlive/2023_1/texmf-dist/tex/generic/pdftexcmds/pdftexcmds.sty
Package: pdftexcmds 2020-06-27 v0.33 Utility functions of pdfTeX for LuaTeX (HO
)
Package pdftexcmds Info: \pdf@primitive is available.
Package pdftexcmds Info: \pdf@ifprimitive is available.
Package pdftexcmds Info: \pdfdraftmode found.
))
(/usr/local/texlive/2023_1/texmf-dist/tex/latex/hycolor/hycolor.sty
Package: hycolor 2020-01-27 v1.10 Color options for hyperref/bookmark (HO)
)
(/usr/local/texlive/2023_1/texmf-dist/tex/latex/letltxmacro/letltxmacro.sty
Package: letltxmacro 2019/12/03 v1.6 Let assignment for LaTeX macros (HO)
)
(/usr/local/texlive/2023_1/texmf-dist/tex/latex/auxhook/auxhook.sty
Package: auxhook 2019-12-17 v1.6 Hooks for auxiliary files (HO)
)
(/usr/local/texlive/2023_1/texmf-dist/tex/latex/hyperref/nameref.sty
Package: nameref 2023-11-26 v2.56 Cross-referencing by name of section

(/usr/local/texlive/2023_1/texmf-dist/tex/latex/refcount/refcount.sty
Package: refcount 2019/12/15 v3.6 Data extraction from label references (HO)
)
(/usr/local/texlive/2023_1/texmf-dist/tex/generic/gettitlestring/gettitlestring
.sty
Package: gettitlestring 2019/12/15 v1.6 Cleanup title references (HO)
 (/usr/local/texlive/2023_1/texmf-dist/tex/latex/kvoptions/kvoptions.sty
Package: kvoptions 2022-06-15 v3.15 Key value format for package options (HO)
))
\c@section@level=\count300
)
\@linkdim=\dimen267
\Hy@linkcounter=\count301
\Hy@pagecounter=\count302
(/usr/local/texlive/2023_1/texmf-dist/tex/latex/hyperref/pd1enc.def
File: pd1enc.def 2023-11-26 v7.01g Hyperref: PDFDocEncoding definition (HO)
Now handling font encoding PD1 ...
... no UTF-8 mapping file for font encoding PD1
)
(/usr/local/texlive/2023_1/texmf-dist/tex/generic/intcalc/intcalc.sty
Package: intcalc 2019/12/15 v1.3 Expandable calculations with integers (HO)
)
\Hy@SavedSpaceFactor=\count303

(/usr/local/texlive/2023_1/texmf-dist/tex/latex/hyperref/puenc.def
File: puenc.def 2023-11-26 v7.01g Hyperref: PDF Unicode definition (HO)
Now handling font encoding PU ...
... no UTF-8 mapping file for font encoding PU
)
Package hyperref Info: Option `bookmarks' set `true' on input line 4064.
Package hyperref Info: Option `bookmarksopen' set `true' on input line 4064.
Package hyperref Info: Option `implicit' set `false' on input line 4064.
Package hyperref Info: Hyper figures OFF on input line 4181.
Package hyperref Info: Link nesting OFF on input line 4186.
Package hyperref Info: Hyper index ON on input line 4189.
Package hyperref Info: Plain pages OFF on input line 4196.
Package hyperref Info: Backreferencing OFF on input line 4201.
Package hyperref Info: Implicit mode OFF; no redefinition of LaTeX internals.
Package hyperref Info: Bookmarks ON on input line 4448.
\c@Hy@tempcnt=\count304

(/usr/local/texlive/2023_1/texmf-dist/tex/latex/url/url.sty
\Urlmuskip=\muskip16
Package: url 2013/09/16  ver 3.4  Verb mode for urls, etc.
)
LaTeX Info: Redefining \url on input line 4786.
\XeTeXLinkMargin=\dimen268

(/usr/local/texlive/2023_1/texmf-dist/tex/generic/bitset/bitset.sty
Package: bitset 2019/12/09 v1.3 Handle bit-vector datatype (HO)

(/usr/local/texlive/2023_1/texmf-dist/tex/generic/bigintcalc/bigintcalc.sty
Package: bigintcalc 2019/12/15 v1.5 Expandable calculations on big integers (HO
)
))
\Fld@menulength=\count305
\Field@Width=\dimen269
\Fld@charsize=\dimen270
Package hyperref Info: Hyper figures OFF on input line 6065.
Package hyperref Info: Link nesting OFF on input line 6070.
Package hyperref Info: Hyper index ON on input line 6073.
Package hyperref Info: backreferencing OFF on input line 6080.
Package hyperref Info: Link coloring OFF on input line 6085.
Package hyperref Info: Link coloring with OCG OFF on input line 6090.
Package hyperref Info: PDF/A mode OFF on input line 6095.
\Hy@abspage=\count306


Package hyperref Message: Stopped early.

)
Package hyperref Info: Driver (autodetected): hpdftex.
 (/usr/local/texlive/2023_1/texmf-dist/tex/latex/hyperref/hpdftex.def
File: hpdftex.def 2023-11-26 v7.01g Hyperref driver for pdfTeX

(/usr/local/texlive/2023_1/texmf-dist/tex/latex/base/atveryend-ltx.sty
Package: atveryend-ltx 2020/08/19 v1.0a Emulation of the original atveryend pac
kage
with kernel methods
)
\Fld@listcount=\count307
\c@bookmark@seq@number=\count308

(/usr/local/texlive/2023_1/texmf-dist/tex/latex/rerunfilecheck/rerunfilecheck.s
ty
Package: rerunfilecheck 2022-07-10 v1.10 Rerun checks for auxiliary files (HO)

(/usr/local/texlive/2023_1/texmf-dist/tex/generic/uniquecounter/uniquecounter.s
ty
Package: uniquecounter 2019/12/15 v1.4 Provide unlimited unique counter (HO)
)
Package uniquecounter Info: New unique counter `rerunfilecheck' on input line 2
85.
))
(/usr/local/texlive/2023_1/texmf-dist/tex/latex/beamer/beamerbaserequires.sty
(/usr/local/texlive/2023_1/texmf-dist/tex/latex/beamer/beamerbasecompatibility.
sty) (/usr/local/texlive/2023_1/texmf-dist/tex/latex/beamer/beamerbasefont.sty
(/usr/local/texlive/2023_1/texmf-dist/tex/latex/amsfonts/amssymb.sty
Package: amssymb 2013/01/14 v3.01 AMS font symbols

(/usr/local/texlive/2023_1/texmf-dist/tex/latex/amsfonts/amsfonts.sty
Package: amsfonts 2013/01/14 v3.01 Basic AMSFonts support
\@emptytoks=\toks29
\symAMSa=\mathgroup4
\symAMSb=\mathgroup5
LaTeX Font Info:    Redeclaring math symbol \hbar on input line 98.
LaTeX Font Info:    Overwriting math alphabet `\mathfrak' in version `bold'
(Font)                  U/euf/m/n --> U/euf/b/n on input line 106.
))
(/usr/local/texlive/2023_1/texmf-dist/tex/latex/sansmathaccent/sansmathaccent.s
ty
Package: sansmathaccent 2020/01/31
 (/usr/local/texlive/2023_1/texmf-dist/tex/latex/koma-script/scrlfile.sty
Package: scrlfile 2023/07/07 v3.41 KOMA-Script package (file load hooks)

(/usr/local/texlive/2023_1/texmf-dist/tex/latex/koma-script/scrlfile-hook.sty
Package: scrlfile-hook 2023/07/07 v3.41 KOMA-Script package (using LaTeX hooks)


(/usr/local/texlive/2023_1/texmf-dist/tex/latex/koma-script/scrlogo.sty
Package: scrlogo 2023/07/07 v3.41 KOMA-Script package (logo)
)))))
(/usr/local/texlive/2023_1/texmf-dist/tex/latex/beamer/beamerbasetranslator.sty
(/usr/local/texlive/2023_1/texmf-dist/tex/latex/translator/translator.sty
Package: translator 2021-05-31 v1.12d Easy translation of strings in LaTeX
))
(/usr/local/texlive/2023_1/texmf-dist/tex/latex/beamer/beamerbasemisc.sty)
(/usr/local/texlive/2023_1/texmf-dist/tex/latex/beamer/beamerbasetwoscreens.sty
) (/usr/local/texlive/2023_1/texmf-dist/tex/latex/beamer/beamerbaseoverlay.sty
\beamer@argscount=\count309
\beamer@lastskipcover=\skip51
\beamer@trivlistdepth=\count310
) (/usr/local/texlive/2023_1/texmf-dist/tex/latex/beamer/beamerbasetitle.sty)
(/usr/local/texlive/2023_1/texmf-dist/tex/latex/beamer/beamerbasesection.sty
\c@lecture=\count311
\c@part=\count312
\c@section=\count313
\c@subsection=\count314
\c@subsubsection=\count315
)
(/usr/local/texlive/2023_1/texmf-dist/tex/latex/beamer/beamerbaseframe.sty
\beamer@framebox=\box66
\beamer@frametitlebox=\box67
\beamer@zoombox=\box68
\beamer@zoomcount=\count316
\beamer@zoomframecount=\count317
\beamer@frametextheight=\dimen271
\c@subsectionslide=\count318
\beamer@frametopskip=\skip52
\beamer@framebottomskip=\skip53
\beamer@frametopskipautobreak=\skip54
\beamer@framebottomskipautobreak=\skip55
\beamer@envbody=\toks30
\framewidth=\dimen272
\c@framenumber=\count319
)
(/usr/local/texlive/2023_1/texmf-dist/tex/latex/beamer/beamerbaseverbatim.sty
\beamer@verbatimfileout=\write4
)
(/usr/local/texlive/2023_1/texmf-dist/tex/latex/beamer/beamerbaseframesize.sty
\beamer@splitbox=\box69
\beamer@autobreakcount=\count320
\beamer@autobreaklastheight=\dimen273
\beamer@frametitletoks=\toks31
\beamer@framesubtitletoks=\toks32
)
(/usr/local/texlive/2023_1/texmf-dist/tex/latex/beamer/beamerbaseframecomponent
s.sty
\beamer@footins=\box70
)
(/usr/local/texlive/2023_1/texmf-dist/tex/latex/beamer/beamerbasecolor.sty)
(/usr/local/texlive/2023_1/texmf-dist/tex/latex/beamer/beamerbasenotes.sty
\beamer@frameboxcopy=\box71
)
(/usr/local/texlive/2023_1/texmf-dist/tex/latex/beamer/beamerbasetoc.sty)
(/usr/local/texlive/2023_1/texmf-dist/tex/latex/beamer/beamerbasetemplates.sty
\beamer@sbttoks=\toks33

(/usr/local/texlive/2023_1/texmf-dist/tex/latex/beamer/beamerbaseauxtemplates.s
ty (/usr/local/texlive/2023_1/texmf-dist/tex/latex/beamer/beamerbaseboxes.sty
\bmb@box=\box72
\bmb@colorbox=\box73
\bmb@boxwidth=\dimen274
\bmb@boxheight=\dimen275
\bmb@prevheight=\dimen276
\bmb@temp=\dimen277
\bmb@dima=\dimen278
\bmb@dimb=\dimen279
\bmb@prevheight=\dimen280
)
\beamer@blockheadheight=\dimen281
))
(/usr/local/texlive/2023_1/texmf-dist/tex/latex/beamer/beamerbaselocalstructure
.sty (/usr/local/texlive/2023_1/texmf-dist/tex/latex/tools/enumerate.sty
Package: enumerate 2023/07/04 v3.00 enumerate extensions (DPC)
\@enLab=\toks34
)
\beamer@bibiconwidth=\skip56
\c@figure=\count321
\c@table=\count322
\abovecaptionskip=\skip57
\belowcaptionskip=\skip58
)
(/usr/local/texlive/2023_1/texmf-dist/tex/latex/beamer/beamerbasenavigation.sty

(/usr/local/texlive/2023_1/texmf-dist/tex/latex/beamer/beamerbasenavigationsymb
ols.tex)
\beamer@section@min@dim=\dimen282
)
(/usr/local/texlive/2023_1/texmf-dist/tex/latex/beamer/beamerbasetheorems.sty
(/usr/local/texlive/2023_1/texmf-dist/tex/latex/amsmath/amsmath.sty
Package: amsmath 2023/05/13 v2.17o AMS math features
\@mathmargin=\skip59

For additional information on amsmath, use the `?' option.
(/usr/local/texlive/2023_1/texmf-dist/tex/latex/amsmath/amstext.sty
Package: amstext 2021/08/26 v2.01 AMS text

(/usr/local/texlive/2023_1/texmf-dist/tex/latex/amsmath/amsgen.sty
File: amsgen.sty 1999/11/30 v2.0 generic functions
\@emptytoks=\toks35
\ex@=\dimen283
))
(/usr/local/texlive/2023_1/texmf-dist/tex/latex/amsmath/amsbsy.sty
Package: amsbsy 1999/11/29 v1.2d Bold Symbols
\pmbraise@=\dimen284
)
(/usr/local/texlive/2023_1/texmf-dist/tex/latex/amsmath/amsopn.sty
Package: amsopn 2022/04/08 v2.04 operator names
)
\inf@bad=\count323
LaTeX Info: Redefining \frac on input line 234.
\uproot@=\count324
\leftroot@=\count325
LaTeX Info: Redefining \overline on input line 399.
LaTeX Info: Redefining \colon on input line 410.
\classnum@=\count326
\DOTSCASE@=\count327
LaTeX Info: Redefining \ldots on input line 496.
LaTeX Info: Redefining \dots on input line 499.
LaTeX Info: Redefining \cdots on input line 620.
\Mathstrutbox@=\box74
\strutbox@=\box75
LaTeX Info: Redefining \big on input line 722.
LaTeX Info: Redefining \Big on input line 723.
LaTeX Info: Redefining \bigg on input line 724.
LaTeX Info: Redefining \Bigg on input line 725.
\big@size=\dimen285
LaTeX Font Info:    Redeclaring font encoding OML on input line 743.
LaTeX Font Info:    Redeclaring font encoding OMS on input line 744.
\macc@depth=\count328
LaTeX Info: Redefining \bmod on input line 905.
LaTeX Info: Redefining \pmod on input line 910.
LaTeX Info: Redefining \smash on input line 940.
LaTeX Info: Redefining \relbar on input line 970.
LaTeX Info: Redefining \Relbar on input line 971.
\c@MaxMatrixCols=\count329
\dotsspace@=\muskip17
\c@parentequation=\count330
\dspbrk@lvl=\count331
\tag@help=\toks36
\row@=\count332
\column@=\count333
\maxfields@=\count334
\andhelp@=\toks37
\eqnshift@=\dimen286
\alignsep@=\dimen287
\tagshift@=\dimen288
\tagwidth@=\dimen289
\totwidth@=\dimen290
\lineht@=\dimen291
\@envbody=\toks38
\multlinegap=\skip60
\multlinetaggap=\skip61
\mathdisplay@stack=\toks39
LaTeX Info: Redefining \[ on input line 2953.
LaTeX Info: Redefining \] on input line 2954.
)
(/usr/local/texlive/2023_1/texmf-dist/tex/latex/amscls/amsthm.sty
Package: amsthm 2020/05/29 v2.20.6
\thm@style=\toks40
\thm@bodyfont=\toks41
\thm@headfont=\toks42
\thm@notefont=\toks43
\thm@headpunct=\toks44
\thm@preskip=\skip62
\thm@postskip=\skip63
\thm@headsep=\skip64
\dth@everypar=\toks45
)
\c@theorem=\count335
)
(/usr/local/texlive/2023_1/texmf-dist/tex/latex/beamer/beamerbasethemes.sty))
(/usr/local/texlive/2023_1/texmf-dist/tex/latex/beamer/beamerthemedefault.sty
(/usr/local/texlive/2023_1/texmf-dist/tex/latex/beamer/beamerfontthemedefault.s
ty)
(/usr/local/texlive/2023_1/texmf-dist/tex/latex/beamer/beamercolorthemedefault.
sty)
(/usr/local/texlive/2023_1/texmf-dist/tex/latex/beamer/beamerinnerthemedefault.
sty
\beamer@dima=\dimen292
\beamer@dimb=\dimen293
)
(/usr/local/texlive/2023_1/texmf-dist/tex/latex/beamer/beamerouterthemedefault.
sty)))
(/usr/local/texlive/2023_1/texmf-dist/tex/latex/beamer/beamerfontthemeprofessio
nalfonts.sty)
(/usr/local/texlive/2023_1/texmf-dist/tex/latex/tcolorbox/tcolorbox.sty
Package: tcolorbox 2024/01/10 version 6.2.0 text color boxes

(/usr/local/texlive/2023_1/texmf-dist/tex/latex/pgf/basiclayer/pgf.sty
Package: pgf 2023-01-15 v3.1.10 (3.1.10)

(/usr/local/texlive/2023_1/texmf-dist/tex/generic/pgf/modules/pgfmoduleshapes.c
ode.tex
File: pgfmoduleshapes.code.tex 2023-01-15 v3.1.10 (3.1.10)
\pgfnodeparttextbox=\box76
)
(/usr/local/texlive/2023_1/texmf-dist/tex/generic/pgf/modules/pgfmoduleplot.cod
e.tex
File: pgfmoduleplot.code.tex 2023-01-15 v3.1.10 (3.1.10)
)
(/usr/local/texlive/2023_1/texmf-dist/tex/latex/pgf/compatibility/pgfcomp-versi
on-0-65.sty
Package: pgfcomp-version-0-65 2023-01-15 v3.1.10 (3.1.10)
\pgf@nodesepstart=\dimen294
\pgf@nodesepend=\dimen295
)
(/usr/local/texlive/2023_1/texmf-dist/tex/latex/pgf/compatibility/pgfcomp-versi
on-1-18.sty
Package: pgfcomp-version-1-18 2023-01-15 v3.1.10 (3.1.10)
))
(/usr/local/texlive/2023_1/texmf-dist/tex/latex/tools/verbatim.sty
Package: verbatim 2023-11-06 v1.5v LaTeX2e package for verbatim enhancements
\every@verbatim=\toks46
\verbatim@line=\toks47
\verbatim@in@stream=\read3
)
(/usr/local/texlive/2023_1/texmf-dist/tex/latex/environ/environ.sty
Package: environ 2014/05/04 v0.3 A new way to define environments

(/usr/local/texlive/2023_1/texmf-dist/tex/latex/trimspaces/trimspaces.sty
Package: trimspaces 2009/09/17 v1.1 Trim spaces around a token list
))
\tcb@titlebox=\box77
\tcb@upperbox=\box78
\tcb@lowerbox=\box79
\tcb@phantombox=\box80
\c@tcbbreakpart=\count336
\c@tcblayer=\count337
\c@tcolorbox@number=\count338
\l__tcobox_tmpa_box=\box81
\l__tcobox_tmpa_dim=\dimen296
\tcb@temp=\box82
\tcb@temp=\box83
\tcb@temp=\box84
\tcb@temp=\box85

(/usr/local/texlive/2023_1/texmf-dist/tex/latex/tcolorbox/tcbskins.code.tex
Library (tcolorbox): 'tcbskins.code.tex' version '6.2.0'
(/usr/local/texlive/2023_1/texmf-dist/tex/latex/pgf/frontendlayer/tikz.sty
(/usr/local/texlive/2023_1/texmf-dist/tex/latex/pgf/utilities/pgffor.sty
(/usr/local/texlive/2023_1/texmf-dist/tex/generic/pgf/utilities/pgffor.code.tex
Package: pgffor 2023-01-15 v3.1.10 (3.1.10)
\pgffor@iter=\dimen297
\pgffor@skip=\dimen298
\pgffor@stack=\toks48
\pgffor@toks=\toks49
))
(/usr/local/texlive/2023_1/texmf-dist/tex/generic/pgf/frontendlayer/tikz/tikz.c
ode.tex
Package: tikz 2023-01-15 v3.1.10 (3.1.10)

(/usr/local/texlive/2023_1/texmf-dist/tex/generic/pgf/libraries/pgflibraryploth
andlers.code.tex
File: pgflibraryplothandlers.code.tex 2023-01-15 v3.1.10 (3.1.10)
\pgf@plot@mark@count=\count339
\pgfplotmarksize=\dimen299
)
\tikz@lastx=\dimen300
\tikz@lasty=\dimen301
\tikz@lastxsaved=\dimen302
\tikz@lastysaved=\dimen303
\tikz@lastmovetox=\dimen304
\tikz@lastmovetoy=\dimen305
\tikzleveldistance=\dimen306
\tikzsiblingdistance=\dimen307
\tikz@figbox=\box86
\tikz@figbox@bg=\box87
\tikz@tempbox=\box88
\tikz@tempbox@bg=\box89
\tikztreelevel=\count340
\tikznumberofchildren=\count341
\tikznumberofcurrentchild=\count342
\tikz@fig@count=\count343

(/usr/local/texlive/2023_1/texmf-dist/tex/generic/pgf/modules/pgfmodulematrix.c
ode.tex
File: pgfmodulematrix.code.tex 2023-01-15 v3.1.10 (3.1.10)
\pgfmatrixcurrentrow=\count344
\pgfmatrixcurrentcolumn=\count345
\pgf@matrix@numberofcolumns=\count346
)
\tikz@expandcount=\count347

(/usr/local/texlive/2023_1/texmf-dist/tex/generic/pgf/frontendlayer/tikz/librar
ies/tikzlibrarytopaths.code.tex
File: tikzlibrarytopaths.code.tex 2023-01-15 v3.1.10 (3.1.10)
)))
(/usr/local/texlive/2023_1/texmf-dist/tex/latex/tikzfill/tikzfill.image.sty
Package: tikzfill.image 2023/08/08 v1.0.1 Image filling library for TikZ

(/usr/local/texlive/2023_1/texmf-dist/tex/latex/tikzfill/tikzfill-common.sty
Package: tikzfill-common 2023/08/08 v1.0.1 Auxiliary code for tikzfill
)
(/usr/local/texlive/2023_1/texmf-dist/tex/latex/tikzfill/tikzlibraryfill.image.
code.tex
File: tikzlibraryfill.image.code.tex 2023/08/08 v1.0.1 Image filling library
\l__tikzfill_img_box=\box90
))
(/usr/local/texlive/2023_1/texmf-dist/tex/latex/tcolorbox/tcbskinsjigsaw.code.t
ex
Library (tcolorbox): 'tcbskinsjigsaw.code.tex' version '6.2.0'
))) (/usr/local/texlive/2023_1/texmf-dist/tex/latex/base/inputenc.sty
Package: inputenc 2021/02/14 v1.3d Input encoding file
\inpenc@prehook=\toks50
\inpenc@posthook=\toks51
)
(/usr/local/texlive/2023_1/texmf-dist/tex/latex/base/fontenc.sty
Package: fontenc 2021/04/29 v2.0v Standard LaTeX package
)
(/usr/local/texlive/2023_1/texmf-dist/tex/latex/psnfss/bookman.sty
Package: bookman 2020/03/25 PSNFSS-v9.3 (SPQR) 
)
(/usr/local/texlive/2023_1/texmf-dist/tex/latex/mathtools/mathtools.sty
Package: mathtools 2022/06/29 v1.29 mathematical typesetting tools

(/usr/local/texlive/2023_1/texmf-dist/tex/latex/tools/calc.sty
Package: calc 2023/07/08 v4.3 Infix arithmetic (KKT,FJ)
\calc@Acount=\count348
\calc@Bcount=\count349
\calc@Adimen=\dimen308
\calc@Bdimen=\dimen309
\calc@Askip=\skip65
\calc@Bskip=\skip66
LaTeX Info: Redefining \setlength on input line 80.
LaTeX Info: Redefining \addtolength on input line 81.
\calc@Ccount=\count350
\calc@Cskip=\skip67
)
(/usr/local/texlive/2023_1/texmf-dist/tex/latex/mathtools/mhsetup.sty
Package: mhsetup 2021/03/18 v1.4 programming setup (MH)
)
\g_MT_multlinerow_int=\count351
\l_MT_multwidth_dim=\dimen310
\origjot=\skip68
\l_MT_shortvdotswithinadjustabove_dim=\dimen311
\l_MT_shortvdotswithinadjustbelow_dim=\dimen312
\l_MT_above_intertext_sep=\dimen313
\l_MT_below_intertext_sep=\dimen314
\l_MT_above_shortintertext_sep=\dimen315
\l_MT_below_shortintertext_sep=\dimen316
\xmathstrut@box=\box91
\xmathstrut@dim=\dimen317
))
LaTeX Font Info:    Trying to load font information for T1+pag on input line 4.


(/usr/local/texlive/2023_1/texmf-dist/tex/latex/psnfss/t1pag.fd
File: t1pag.fd 2001/06/04 font definitions for T1/pag.
)
(/usr/local/texlive/2023_1/texmf-dist/tex/latex/l3backend/l3backend-pdftex.def
File: l3backend-pdftex.def 2024-01-04 L3 backend support: PDF output (pdfTeX)
\l__color_backend_stack_int=\count352
\l__pdf_internal_box=\box92
) (./optmet-example.aux)
\openout1 = `optmet-example.aux'.

LaTeX Font Info:    Checking defaults for OML/cmm/m/it on input line 4.
LaTeX Font Info:    ... okay on input line 4.
LaTeX Font Info:    Checking defaults for OMS/cmsy/m/n on input line 4.
LaTeX Font Info:    ... okay on input line 4.
LaTeX Font Info:    Checking defaults for OT1/cmr/m/n on input line 4.
LaTeX Font Info:    ... okay on input line 4.
LaTeX Font Info:    Checking defaults for T1/cmr/m/n on input line 4.
LaTeX Font Info:    ... okay on input line 4.
LaTeX Font Info:    Checking defaults for TS1/cmr/m/n on input line 4.
LaTeX Font Info:    ... okay on input line 4.
LaTeX Font Info:    Checking defaults for OMX/cmex/m/n on input line 4.
LaTeX Font Info:    ... okay on input line 4.
LaTeX Font Info:    Checking defaults for U/cmr/m/n on input line 4.
LaTeX Font Info:    ... okay on input line 4.
LaTeX Font Info:    Checking defaults for PD1/pdf/m/n on input line 4.
LaTeX Font Info:    ... okay on input line 4.
LaTeX Font Info:    Checking defaults for PU/pdf/m/n on input line 4.
LaTeX Font Info:    ... okay on input line 4.

*geometry* driver: auto-detecting
*geometry* detected driver: pdftex
*geometry* verbose mode - [ preamble ] result:
* driver: pdftex
* paper: custom
* layout: <same size as paper>
* layoutoffset:(h,v)=(0.0pt,0.0pt)
* modes: includehead includefoot 
* h-part:(L,W,R)=(19.91692pt, 415.41025pt, 19.91692pt)
* v-part:(T,H,B)=(0.0pt, 341.43306pt, 0.0pt)
* \paperwidth=455.24408pt
* \paperheight=341.43306pt
* \textwidth=415.41025pt
* \textheight=312.98033pt
* \oddsidemargin=-52.35307pt
* \evensidemargin=-52.35307pt
* \topmargin=-72.26999pt
* \headheight=14.22636pt
* \headsep=0.0pt
* \topskip=9.0pt
* \footskip=14.22636pt
* \marginparwidth=4.0pt
* \marginparsep=10.0pt
* \columnsep=10.0pt
* \skip\footins=7.0pt plus 4.0pt minus 2.0pt
* \hoffset=0.0pt
* \voffset=0.0pt
* \mag=1000
* \@twocolumnfalse
* \@twosidefalse
* \@mparswitchfalse
* \@reversemarginfalse
* (1in=72.27pt=25.4mm, 1cm=28.453pt)

(/usr/local/texlive/2023_1/texmf-dist/tex/context/base/mkii/supp-pdf.mkii
[Loading MPS to PDF converter (version 2006.09.02).]
\scratchcounter=\count353
\scratchdimen=\dimen318
\scratchbox=\box93
\nofMPsegments=\count354
\nofMParguments=\count355
\everyMPshowfont=\toks52
\MPscratchCnt=\count356
\MPscratchDim=\dimen319
\MPnumerator=\count357
\makeMPintoPDFobject=\count358
\everyMPtoPDFconversion=\toks53
)
(/usr/local/texlive/2023_1/texmf-dist/tex/latex/epstopdf-pkg/epstopdf-base.sty
Package: epstopdf-base 2020-01-24 v2.11 Base part for package epstopdf
Package epstopdf-base Info: Redefining graphics rule for `.eps' on input line 4
85.

(/usr/local/texlive/2023_1/texmf-dist/tex/latex/latexconfig/epstopdf-sys.cfg
File: epstopdf-sys.cfg 2010/07/13 v1.3 Configuration of (r)epstopdf for TeX Liv
e
))
Package hyperref Info: Link coloring OFF on input line 4.

(./optmet-example.out) (./optmet-example.out)
\@outlinefile=\write5
\openout5 = `optmet-example.out'.


(/usr/local/texlive/2023_1/texmf-dist/tex/latex/translator/translator-basic-dic
tionary-English.dict
Dictionary: translator-basic-dictionary, Language: English 
)
(/usr/local/texlive/2023_1/texmf-dist/tex/latex/translator/translator-bibliogra
phy-dictionary-English.dict
Dictionary: translator-bibliography-dictionary, Language: English 
)
(/usr/local/texlive/2023_1/texmf-dist/tex/latex/translator/translator-environme
nt-dictionary-English.dict
Dictionary: translator-environment-dictionary, Language: English 
)
(/usr/local/texlive/2023_1/texmf-dist/tex/latex/translator/translator-months-di
ctionary-English.dict
Dictionary: translator-months-dictionary, Language: English 
)
(/usr/local/texlive/2023_1/texmf-dist/tex/latex/translator/translator-numbers-d
ictionary-English.dict
Dictionary: translator-numbers-dictionary, Language: English 
)
(/usr/local/texlive/2023_1/texmf-dist/tex/latex/translator/translator-theorem-d
ictionary-English.dict
Dictionary: translator-theorem-dictionary, Language: English 
)
No file optmet-example.nav.
LaTeX Font Info:    Font shape `T1/pag/b/n' in size <17.28> not available
(Font)              Font shape `T1/pag/db/n' tried instead on input line 5.
LaTeX Font Info:    Font shape `T1/pag/b/n' in size <10.95> not available
(Font)              Font shape `T1/pag/db/n' tried instead on input line 5.
<background_img/background.pdf, id=13, 455.2441pt x 341.43306pt>
File: background_img/background.pdf Graphic file (type pdf)
<use background_img/background.pdf>
Package pdftex.def Info: background_img/background.pdf  used on input line 5.
(pdftex.def)             Requested size: 455.26381pt x 341.45825pt.
[1

{/usr/local/texlive/2023/texmf-var/fonts/map/pdftex/updmap/pdftex.map}{/usr/loc
al/texlive/2023_1/texmf-dist/fonts/enc/dvips/base/8r.enc} <./background_img/bac
kground.pdf>]
LaTeX Font Info:    Trying to load font information for U+msa on input line 63.


(/usr/local/texlive/2023_1/texmf-dist/tex/latex/amsfonts/umsa.fd
File: umsa.fd 2013/01/14 v3.01 AMS symbols A
)
LaTeX Font Info:    Trying to load font information for U+msb on input line 63.


(/usr/local/texlive/2023_1/texmf-dist/tex/latex/amsfonts/umsb.fd
File: umsb.fd 2013/01/14 v3.01 AMS symbols B
)
LaTeX Font Info:    Font shape `T1/pag/b/n' in size <8> not available
(Font)              Font shape `T1/pag/db/n' tried instead on input line 63.
LaTeX Font Info:    Font shape `T1/pag/b/n' in size <7> not available
(Font)              Font shape `T1/pag/db/n' tried instead on input line 63.
LaTeX Font Info:    Font shape `T1/pag/b/sc' in size <7> not available
(Font)              Font shape `T1/pag/db/sc' tried instead on input line 63.
File: background_img/background.pdf Graphic file (type pdf)
<use background_img/background.pdf>
Package pdftex.def Info: background_img/background.pdf  used on input line 63.
(pdftex.def)             Requested size: 455.26381pt x 341.45825pt.
 [2

]
File: background_img/background.pdf Graphic file (type pdf)
<use background_img/background.pdf>
Package pdftex.def Info: background_img/background.pdf  used on input line 99.
(pdftex.def)             Requested size: 455.26381pt x 341.45825pt.
 [3

]
LaTeX Font Info:    Font shape `T1/pag/m/it' in size <8> not available
(Font)              Font shape `T1/pag/m/sl' tried instead on input line 118.
LaTeX Font Info:    Font shape `T1/pag/b/it' in size <8> not available
(Font)              Font shape `T1/pag/db/it' tried instead on input line 118.
LaTeX Font Info:    Font shape `T1/pag/db/it' in size <8> not available
(Font)              Font shape `T1/pag/db/sl' tried instead on input line 118.
File: background_img/background.pdf Graphic file (type pdf)
<use background_img/background.pdf>
Package pdftex.def Info: background_img/background.pdf  used on input line 118.

(pdftex.def)             Requested size: 455.26381pt x 341.45825pt.

[4

]
File: background_img/background.pdf Graphic file (type pdf)
<use background_img/background.pdf>
Package pdftex.def Info: background_img/background.pdf  used on input line 137.

(pdftex.def)             Requested size: 455.26381pt x 341.45825pt.
 [5

]

LaTeX Warning: File `Figures/Sistema1.pdf' not found on input line 159.


! Package pdftex.def Error: File `Figures/Sistema1.pdf' not found: using draft 
setting.

See the pdftex.def package documentation for explanation.
Type  H <return>  for immediate help.
 ...                                              
                                                  
l.159 \end{frame}
                 
? c
Type <return> to proceed, S to scroll future error messages,
R to run without stopping, Q to run quietly,
I to insert something, E to edit your file,
1 or ... or 9 to ignore the next 1 to 9 tokens of input,
H for help, X to quit.
? c
Type <return> to proceed, S to scroll future error messages,
R to run without stopping, Q to run quietly,
I to insert something, E to edit your file,
1 or ... or 9 to ignore the next 1 to 9 tokens of input,
H for help, X to quit.
? q
OK, entering \batchmode...
LaTeX Font Info:    Trying to load font information for T1+pcr on input line 15
9.

(/usr/local/texlive/2023_1/texmf-dist/tex/latex/psnfss/t1pcr.fd
File: t1pcr.fd 2001/06/04 font definitions for T1/pcr.
)
File: background_img/background.pdf Graphic file (type pdf)
<use background_img/background.pdf>
Package pdftex.def Info: background_img/background.pdf  used on input line 159.

(pdftex.def)             Requested size: 455.26381pt x 341.45825pt.
 [6

]
File: background_img/background.pdf Graphic file (type pdf)
<use background_img/background.pdf>
Package pdftex.def Info: background_img/background.pdf  used on input line 179.

(pdftex.def)             Requested size: 455.26381pt x 341.45825pt.
 [7

]
File: background_img/background.pdf Graphic file (type pdf)
<use background_img/background.pdf>
Package pdftex.def Info: background_img/background.pdf  used on input line 199.

(pdftex.def)             Requested size: 455.26381pt x 341.45825pt.
 [8

]
File: background_img/background.pdf Graphic file (type pdf)
<use background_img/background.pdf>
Package pdftex.def Info: background_img/background.pdf  used on input line 217.

(pdftex.def)             Requested size: 455.26381pt x 341.45825pt.
 [9

]
File: background_img/background.pdf Graphic file (type pdf)
<use background_img/background.pdf>
Package pdftex.def Info: background_img/background.pdf  used on input line 240.

(pdftex.def)             Requested size: 455.26381pt x 341.45825pt.
 [10

]
File: background_img/background.pdf Graphic file (type pdf)
<use background_img/background.pdf>
Package pdftex.def Info: background_img/background.pdf  used on input line 273.

(pdftex.def)             Requested size: 455.26381pt x 341.45825pt.
 [11

]
File: background_img/background.pdf Graphic file (type pdf)
<use background_img/background.pdf>
Package pdftex.def Info: background_img/background.pdf  used on input line 299.

(pdftex.def)             Requested size: 455.26381pt x 341.45825pt.
 [12

]
File: background_img/background.pdf Graphic file (type pdf)
<use background_img/background.pdf>
Package pdftex.def Info: background_img/background.pdf  used on input line 333.

(pdftex.def)             Requested size: 455.26381pt x 341.45825pt.
 [13

]
File: background_img/background.pdf Graphic file (type pdf)
<use background_img/background.pdf>
Package pdftex.def Info: background_img/background.pdf  used on input line 371.

(pdftex.def)             Requested size: 455.26381pt x 341.45825pt.
 [14

]
File: background_img/background.pdf Graphic file (type pdf)
<use background_img/background.pdf>
Package pdftex.def Info: background_img/background.pdf  used on input line 386.

(pdftex.def)             Requested size: 455.26381pt x 341.45825pt.
 [15

]
File: background_img/background.pdf Graphic file (type pdf)
<use background_img/background.pdf>
Package pdftex.def Info: background_img/background.pdf  used on input line 407.

(pdftex.def)             Requested size: 455.26381pt x 341.45825pt.
 [16

]
File: background_img/background.pdf Graphic file (type pdf)
<use background_img/background.pdf>
Package pdftex.def Info: background_img/background.pdf  used on input line 424.

(pdftex.def)             Requested size: 455.26381pt x 341.45825pt.
 [17

]
File: background_img/background.pdf Graphic file (type pdf)
<use background_img/background.pdf>
Package pdftex.def Info: background_img/background.pdf  used on input line 460.

(pdftex.def)             Requested size: 455.26381pt x 341.45825pt.
 [18

]
File: background_img/background.pdf Graphic file (type pdf)
<use background_img/background.pdf>
Package pdftex.def Info: background_img/background.pdf  used on input line 475.

(pdftex.def)             Requested size: 455.26381pt x 341.45825pt.
 [19

]
File: background_img/background.pdf Graphic file (type pdf)
<use background_img/background.pdf>
Package pdftex.def Info: background_img/background.pdf  used on input line 503.

(pdftex.def)             Requested size: 455.26381pt x 341.45825pt.
 [20

]

LaTeX Warning: File `Figures/Osservatore1.pdf' not found on input line 536.


! Package pdftex.def Error: File `Figures/Osservatore1.pdf' not found: using dr
aft setting.

See the pdftex.def package documentation for explanation.
Type  H <return>  for immediate help.
 ...                                              
                                                  
l.536 \end{frame}
                 
Try typing  <return>  to proceed.
If that doesn't work, type  X <return>  to quit.

File: background_img/background.pdf Graphic file (type pdf)
<use background_img/background.pdf>
Package pdftex.def Info: background_img/background.pdf  used on input line 536.

(pdftex.def)             Requested size: 455.26381pt x 341.45825pt.
 [21

]
File: background_img/background.pdf Graphic file (type pdf)
<use background_img/background.pdf>
Package pdftex.def Info: background_img/background.pdf  used on input line 562.

(pdftex.def)             Requested size: 455.26381pt x 341.45825pt.
 [22

]

LaTeX Warning: File `Figures/Osservatore2.pdf' not found on input line 603.


! Package pdftex.def Error: File `Figures/Osservatore2.pdf' not found: using dr
aft setting.

See the pdftex.def package documentation for explanation.
Type  H <return>  for immediate help.
 ...                                              
                                                  
l.603 \end{frame}
                 
Try typing  <return>  to proceed.
If that doesn't work, type  X <return>  to quit.

File: background_img/background.pdf Graphic file (type pdf)
<use background_img/background.pdf>
Package pdftex.def Info: background_img/background.pdf  used on input line 603.

(pdftex.def)             Requested size: 455.26381pt x 341.45825pt.
 [23

]
File: background_img/background.pdf Graphic file (type pdf)
<use background_img/background.pdf>
Package pdftex.def Info: background_img/background.pdf  used on input line 638.

(pdftex.def)             Requested size: 455.26381pt x 341.45825pt.
 [24

]
File: background_img/background.pdf Graphic file (type pdf)
<use background_img/background.pdf>
Package pdftex.def Info: background_img/background.pdf  used on input line 655.

(pdftex.def)             Requested size: 455.26381pt x 341.45825pt.
 [25

]
File: background_img/background.pdf Graphic file (type pdf)
<use background_img/background.pdf>
Package pdftex.def Info: background_img/background.pdf  used on input line 695.

(pdftex.def)             Requested size: 455.26381pt x 341.45825pt.
 [26

]
File: background_img/background.pdf Graphic file (type pdf)
<use background_img/background.pdf>
Package pdftex.def Info: background_img/background.pdf  used on input line 713.

(pdftex.def)             Requested size: 455.26381pt x 341.45825pt.
 [27

]
File: background_img/background.pdf Graphic file (type pdf)
<use background_img/background.pdf>
Package pdftex.def Info: background_img/background.pdf  used on input line 754.

(pdftex.def)             Requested size: 455.26381pt x 341.45825pt.
 [28

]
File: background_img/background.pdf Graphic file (type pdf)
<use background_img/background.pdf>
Package pdftex.def Info: background_img/background.pdf  used on input line 779.

(pdftex.def)             Requested size: 455.26381pt x 341.45825pt.
 [29

]
File: background_img/background.pdf Graphic file (type pdf)
<use background_img/background.pdf>
Package pdftex.def Info: background_img/background.pdf  used on input line 826.

(pdftex.def)             Requested size: 455.26381pt x 341.45825pt.
 [30

]
File: background_img/background.pdf Graphic file (type pdf)
<use background_img/background.pdf>
Package pdftex.def Info: background_img/background.pdf  used on input line 875.

(pdftex.def)             Requested size: 455.26381pt x 341.45825pt.
 [31

]
File: background_img/background.pdf Graphic file (type pdf)
<use background_img/background.pdf>
Package pdftex.def Info: background_img/background.pdf  used on input line 898.

(pdftex.def)             Requested size: 455.26381pt x 341.45825pt.
 [32

]

! LaTeX Error: File `Figures/Sistema2' not found.

See the LaTeX manual or LaTeX Companion for explanation.
Type  H <return>  for immediate help.
 ...                                              
                                                  
l.928 \end{frame}
                 
I could not locate the file with any of these extensions:
.pdf,.png,.jpg,.mps,.jpeg,.jbig2,.jb2,.PDF,.PNG,.JPG,.JPEG,.JBIG2,.JB2,.eps
Try typing  <return>  to proceed.
If that doesn't work, type  X <return>  to quit.

File: background_img/background.pdf Graphic file (type pdf)
<use background_img/background.pdf>
Package pdftex.def Info: background_img/background.pdf  used on input line 928.

(pdftex.def)             Requested size: 455.26381pt x 341.45825pt.
 [33

]

! LaTeX Error: File `Figures/ResidualGenerator1' not found.

See the LaTeX manual or LaTeX Companion for explanation.
Type  H <return>  for immediate help.
 ...                                              
                                                  
l.958 \end{frame}
                 
I could not locate the file with any of these extensions:
.pdf,.png,.jpg,.mps,.jpeg,.jbig2,.jb2,.PDF,.PNG,.JPG,.JPEG,.JBIG2,.JB2,.eps
Try typing  <return>  to proceed.
If that doesn't work, type  X <return>  to quit.

File: background_img/background.pdf Graphic file (type pdf)
<use background_img/background.pdf>
Package pdftex.def Info: background_img/background.pdf  used on input line 958.

(pdftex.def)             Requested size: 455.26381pt x 341.45825pt.
 [34

]

! LaTeX Error: File `Figures/ResidualGenerator2' not found.

See the LaTeX manual or LaTeX Companion for explanation.
Type  H <return>  for immediate help.
 ...                                              
                                                  
l.984 \end{frame}
                 
I could not locate the file with any of these extensions:
.pdf,.png,.jpg,.mps,.jpeg,.jbig2,.jb2,.PDF,.PNG,.JPG,.JPEG,.JBIG2,.JB2,.eps
Try typing  <return>  to proceed.
If that doesn't work, type  X <return>  to quit.

File: background_img/background.pdf Graphic file (type pdf)
<use background_img/background.pdf>
Package pdftex.def Info: background_img/background.pdf  used on input line 984.

(pdftex.def)             Requested size: 455.26381pt x 341.45825pt.
 [35

]
File: background_img/background.pdf Graphic file (type pdf)
<use background_img/background.pdf>
Package pdftex.def Info: background_img/background.pdf  used on input line 1012
.
(pdftex.def)             Requested size: 455.26381pt x 341.45825pt.
 [36

]
File: background_img/background.pdf Graphic file (type pdf)
<use background_img/background.pdf>
Package pdftex.def Info: background_img/background.pdf  used on input line 1025
.
(pdftex.def)             Requested size: 455.26381pt x 341.45825pt.
 [37

]
File: background_img/background.pdf Graphic file (type pdf)
<use background_img/background.pdf>
Package pdftex.def Info: background_img/background.pdf  used on input line 1037
.
(pdftex.def)             Requested size: 455.26381pt x 341.45825pt.
 [38

]
File: background_img/background.pdf Graphic file (type pdf)
<use background_img/background.pdf>
Package pdftex.def Info: background_img/background.pdf  used on input line 1047
.
(pdftex.def)             Requested size: 455.26381pt x 341.45825pt.
 [39

]
File: background_img/background.pdf Graphic file (type pdf)
<use background_img/background.pdf>
Package pdftex.def Info: background_img/background.pdf  used on input line 1069
.
(pdftex.def)             Requested size: 455.26381pt x 341.45825pt.
 [40

]
File: background_img/background.pdf Graphic file (type pdf)
<use background_img/background.pdf>
Package pdftex.def Info: background_img/background.pdf  used on input line 1095
.
(pdftex.def)             Requested size: 455.26381pt x 341.45825pt.
 [41

]

LaTeX Warning: File `Figures/Residuo_strutturato_dedicato.pdf' not found on inp
ut line 1117.


! Package pdftex.def Error: File `Figures/Residuo_strutturato_dedicato.pdf' not
 found: using draft setting.

See the pdftex.def package documentation for explanation.
Type  H <return>  for immediate help.
 ...                                              
                                                  
l.1117 \end{frame}
                  
Try typing  <return>  to proceed.
If that doesn't work, type  X <return>  to quit.


Overfull \vbox (10.30269pt too high) detected at line 1117
 []

File: background_img/background.pdf Graphic file (type pdf)
<use background_img/background.pdf>
Package pdftex.def Info: background_img/background.pdf  used on input line 1117
.
(pdftex.def)             Requested size: 455.26381pt x 341.45825pt.
 [42

]
File: background_img/background.pdf Graphic file (type pdf)
<use background_img/background.pdf>
Package pdftex.def Info: background_img/background.pdf  used on input line 1129
.
(pdftex.def)             Requested size: 455.26381pt x 341.45825pt.
 [43

]

LaTeX Warning: File `Figures/Residuo_strutturato_generalizzato.pdf' not found o
n input line 1154.


! Package pdftex.def Error: File `Figures/Residuo_strutturato_generalizzato.pdf
' not found: using draft setting.

See the pdftex.def package documentation for explanation.
Type  H <return>  for immediate help.
 ...                                              
                                                  
l.1154 \end{frame}
                  
Try typing  <return>  to proceed.
If that doesn't work, type  X <return>  to quit.


Overfull \vbox (52.15874pt too high) detected at line 1154
 []

File: background_img/background.pdf Graphic file (type pdf)
<use background_img/background.pdf>
Package pdftex.def Info: background_img/background.pdf  used on input line 1154
.
(pdftex.def)             Requested size: 455.26381pt x 341.45825pt.
 [44

]
File: background_img/background.pdf Graphic file (type pdf)
<use background_img/background.pdf>
Package pdftex.def Info: background_img/background.pdf  used on input line 1157
.
(pdftex.def)             Requested size: 455.26381pt x 341.45825pt.
 [45

]

LaTeX Warning: File `Figures/Residuo_direzionale.pdf' not found on input line 1
180.


! Package pdftex.def Error: File `Figures/Residuo_direzionale.pdf' not found: u
sing draft setting.

See the pdftex.def package documentation for explanation.
Type  H <return>  for immediate help.
 ...                                              
                                                  
l.1180 \end{frame}
                  
Try typing  <return>  to proceed.
If that doesn't work, type  X <return>  to quit.

File: background_img/background.pdf Graphic file (type pdf)
<use background_img/background.pdf>
Package pdftex.def Info: background_img/background.pdf  used on input line 1180
.
(pdftex.def)             Requested size: 455.26381pt x 341.45825pt.
 [46

]
File: background_img/background.pdf Graphic file (type pdf)
<use background_img/background.pdf>
Package pdftex.def Info: background_img/background.pdf  used on input line 1184
.
(pdftex.def)             Requested size: 455.26381pt x 341.45825pt.
 [47

]
File: background_img/background.pdf Graphic file (type pdf)
<use background_img/background.pdf>
Package pdftex.def Info: background_img/background.pdf  used on input line 1191
.
(pdftex.def)             Requested size: 455.26381pt x 341.45825pt.
 [48

]
File: background_img/background.pdf Graphic file (type pdf)
<use background_img/background.pdf>
Package pdftex.def Info: background_img/background.pdf  used on input line 1194
.
(pdftex.def)             Requested size: 455.26381pt x 341.45825pt.
 [49

]
File: background_img/background.pdf Graphic file (type pdf)
<use background_img/background.pdf>
Package pdftex.def Info: background_img/background.pdf  used on input line 1197
.
(pdftex.def)             Requested size: 455.26381pt x 341.45825pt.
 [50

]
File: background_img/background.pdf Graphic file (type pdf)
<use background_img/background.pdf>
Package pdftex.def Info: background_img/background.pdf  used on input line 1212
.
(pdftex.def)             Requested size: 455.26381pt x 341.45825pt.
 [51

]
\tf@nav=\write6
\openout6 = `optmet-example.nav'.

\tf@toc=\write7
\openout7 = `optmet-example.toc'.

\tf@snm=\write8
\openout8 = `optmet-example.snm'.

 (./optmet-example.aux)
 ***********
LaTeX2e <2023-11-01> patch level 1
L3 programming layer <2024-01-04>
 ***********

Package rerunfilecheck Warning: File `optmet-example.out' has changed.
(rerunfilecheck)                Rerun to get outlines right
(rerunfilecheck)                or use package `bookmark'.

Package rerunfilecheck Info: Checksums for `optmet-example.out':
(rerunfilecheck)             Before: D41D8CD98F00B204E9800998ECF8427E;0
(rerunfilecheck)             After:  383EF5970B90DA8EFF41CD36576A4863;404.
 ) 
Here is how much of TeX's memory you used:
 29015 strings out of 474166
 602977 string characters out of 5745489
 1951539 words of memory out of 5000000
 50669 multiletter control sequences out of 15000+600000
 601523 words of font info for 80 fonts, out of 8000000 for 9000
 1141 hyphenation exceptions out of 8191
 142i,18n,137p,402b,1564s stack positions out of 10000i,1000n,20000p,200000b,200000s
</usr/local/texlive/2023_1/texmf-dist/fonts/type1/public/amsfonts/cmextra/cme
x7.pfb></usr/local/texlive/2023_1/texmf-dist/fonts/type1/public/amsfonts/cmextr
a/cmex8.pfb></usr/local/texlive/2023_1/texmf-dist/fonts/type1/public/amsfonts/c
m/cmmi5.pfb></usr/local/texlive/2023_1/texmf-dist/fonts/type1/public/amsfonts/c
m/cmmi6.pfb></usr/local/texlive/2023_1/texmf-dist/fonts/type1/public/amsfonts/c
m/cmmi7.pfb></usr/local/texlive/2023_1/texmf-dist/fonts/type1/public/amsfonts/c
m/cmmi8.pfb></usr/local/texlive/2023_1/texmf-dist/fonts/type1/public/amsfonts/c
m/cmr5.pfb></usr/local/texlive/2023_1/texmf-dist/fonts/type1/public/amsfonts/cm
/cmr6.pfb></usr/local/texlive/2023_1/texmf-dist/fonts/type1/public/amsfonts/cm/
cmr7.pfb></usr/local/texlive/2023_1/texmf-dist/fonts/type1/public/amsfonts/cm/c
mr8.pfb></usr/local/texlive/2023_1/texmf-dist/fonts/type1/public/amsfonts/cm/cm
sy6.pfb></usr/local/texlive/2023_1/texmf-dist/fonts/type1/public/amsfonts/cm/cm
sy7.pfb></usr/local/texlive/2023_1/texmf-dist/fonts/type1/public/amsfonts/cm/cm
sy8.pfb></usr/local/texlive/2023_1/texmf-dist/fonts/type1/public/amsfonts/symbo
ls/msam10.pfb></usr/local/texlive/2023_1/texmf-dist/fonts/type1/public/amsfonts
/symbols/msam7.pfb></usr/local/texlive/2023_1/texmf-dist/fonts/type1/public/ams
fonts/symbols/msbm10.pfb></usr/local/texlive/2023_1/texmf-dist/fonts/type1/urw/
avantgar/uagd8a.pfb></usr/local/texlive/2023_1/texmf-dist/fonts/type1/urw/avant
gar/uagdo8a.pfb></usr/local/texlive/2023_1/texmf-dist/fonts/type1/urw/avantgar/
uagk8a.pfb></usr/local/texlive/2023_1/texmf-dist/fonts/type1/urw/courier/ucrr8a
.pfb>
Output written on optmet-example.pdf (51 pages, 358440 bytes).
PDF statistics:
 612 PDF objects out of 1000 (max. 8388607)
 441 compressed objects within 5 object streams
 104 named destinations out of 1000 (max. 500000)
 48 words of extra memory for PDF output out of 10000 (max. 10000000)

